[    0.000000] Initializing cgroup subsys cpuset
[    0.000000] Initializing cgroup subsys cpu
[    0.000000] Initializing cgroup subsys cpuacct
[    0.000000] Linux version 4.4.0-190-generic (buildd@lcy01-amd64-026) (gcc version 5.4.0 20160609 (Ubuntu 5.4.0-6ubuntu1~16.04.12) ) #220-Ubuntu SMP Fri Aug 28 23:02:15 UTC 2020 (Ubuntu 4.4.0-190.220-generic 4.4.233)
[    0.000000] Command line: BOOT_IMAGE=/boot/vmlinuz-4.4.0-190-generic root=UUID=e8c36fc6-4c06-466e-87c7-f7e1835398e0 ro console=tty1 console=ttyS0
[    0.000000] KERNEL supported cpus:
[    0.000000]   Intel GenuineIntel
[    0.000000]   AMD AuthenticAMD
[    0.000000]   Centaur CentaurHauls
[    0.000000] [Firmware Bug]: TSC doesn't count with P0 frequency!
[    0.000000] x86/fpu: xstate_offset[2]:  576, xstate_sizes[2]:  256
[    0.000000] x86/fpu: Supporting XSAVE feature 0x01: 'x87 floating point registers'
[    0.000000] x86/fpu: Supporting XSAVE feature 0x02: 'SSE registers'
[    0.000000] x86/fpu: Supporting XSAVE feature 0x04: 'AVX registers'
[    0.000000] x86/fpu: Enabled xstate features 0x7, context size is 832 bytes, using 'standard' format.
[    0.000000] e820: BIOS-provided physical RAM map:
[    0.000000] BIOS-e820: [mem 0x0000000000000000-0x000000000009fbff] usable
[    0.000000] BIOS-e820: [mem 0x000000000009fc00-0x000000000009ffff] reserved
[    0.000000] BIOS-e820: [mem 0x00000000000f0000-0x00000000000fffff] reserved
[    0.000000] BIOS-e820: [mem 0x0000000000100000-0x000000003ffeffff] usable
[    0.000000] BIOS-e820: [mem 0x000000003fff0000-0x000000003fffffff] ACPI data
[    0.000000] BIOS-e820: [mem 0x00000000fec00000-0x00000000fec00fff] reserved
[    0.000000] BIOS-e820: [mem 0x00000000fee00000-0x00000000fee00fff] reserved
[    0.000000] BIOS-e820: [mem 0x00000000fffc0000-0x00000000ffffffff] reserved
[    0.000000] NX (Execute Disable) protection: active
[    0.000000] SMBIOS 2.5 present.
[    0.000000] Hypervisor detected: KVM
[    0.000000] Kernel/User page tables isolation: disabled
[    0.000000] e820: last_pfn = 0x3fff0 max_arch_pfn = 0x400000000
[    0.000000] MTRR: Disabled
[    0.000000] x86/PAT: MTRRs disabled, skipping PAT initialization too.
[    0.000000] CPU MTRRs all blank - virtualized system.
[    0.000000] x86/PAT: Configuration [0-7]: WB  WT  UC- UC  WB  WT  UC- UC  
[    0.000000] found SMP MP-table at [mem 0x0009fff0-0x0009ffff] mapped at [ffff88000009fff0]
[    0.000000] Scanning 1 areas for low memory corruption
[    0.000000] RAMDISK: [mem 0x361c4000-0x370d9fff]
[    0.000000] ACPI: Early table checksum verification disabled
[    0.000000] ACPI: RSDP 0x00000000000E0000 000024 (v02 VBOX  )
[    0.000000] ACPI: XSDT 0x000000003FFF0030 00003C (v01 VBOX   VBOXXSDT 00000001 ASL  00000061)
[    0.000000] ACPI: FACP 0x000000003FFF00F0 0000F4 (v04 VBOX   VBOXFACP 00000001 ASL  00000061)
[    0.000000] ACPI: DSDT 0x000000003FFF0470 002325 (v02 VBOX   VBOXBIOS 00000002 INTL 20100528)
[    0.000000] ACPI: FACS 0x000000003FFF0200 000040
[    0.000000] ACPI: FACS 0x000000003FFF0200 000040
[    0.000000] ACPI: APIC 0x000000003FFF0240 00005C (v02 VBOX   VBOXAPIC 00000001 ASL  00000061)
[    0.000000] ACPI: SSDT 0x000000003FFF02A0 0001CC (v01 VBOX   VBOXCPUT 00000002 INTL 20100528)
[    0.000000] No NUMA configuration found
[    0.000000] Faking a node at [mem 0x0000000000000000-0x000000003ffeffff]
[    0.000000] NODE_DATA(0) allocated [mem 0x3ffeb000-0x3ffeffff]
[    0.000000] kvm-clock: Using msrs 4b564d01 and 4b564d00
[    0.000000] kvm-clock: cpu 0, msr 0:3ffe3001, primary cpu clock
[    0.000000] kvm-clock: using sched offset of 3414363218 cycles
[    0.000000] clocksource: kvm-clock: mask: 0xffffffffffffffff max_cycles: 0x1cd42e4dffb, max_idle_ns: 881590591483 ns
[    0.000000] Zone ranges:
[    0.000000]   DMA      [mem 0x0000000000001000-0x0000000000ffffff]
[    0.000000]   DMA32    [mem 0x0000000001000000-0x000000003ffeffff]
[    0.000000]   Normal   empty
[    0.000000]   Device   empty
[    0.000000] Movable zone start for each node
[    0.000000] Early memory node ranges
[    0.000000]   node   0: [mem 0x0000000000001000-0x000000000009efff]
[    0.000000]   node   0: [mem 0x0000000000100000-0x000000003ffeffff]
[    0.000000] Initmem setup node 0 [mem 0x0000000000001000-0x000000003ffeffff]
[    0.000000] ACPI: PM-Timer IO Port: 0x4008
[    0.000000] IOAPIC[0]: apic_id 2, version 32, address 0xfec00000, GSI 0-23
[    0.000000] ACPI: INT_SRC_OVR (bus 0 bus_irq 0 global_irq 2 dfl dfl)
[    0.000000] ACPI: INT_SRC_OVR (bus 0 bus_irq 9 global_irq 9 low level)
[    0.000000] Using ACPI (MADT) for SMP configuration information
[    0.000000] smpboot: Allowing 2 CPUs, 0 hotplug CPUs
[    0.000000] PM: Registered nosave memory: [mem 0x00000000-0x00000fff]
[    0.000000] PM: Registered nosave memory: [mem 0x0009f000-0x0009ffff]
[    0.000000] PM: Registered nosave memory: [mem 0x000a0000-0x000effff]
[    0.000000] PM: Registered nosave memory: [mem 0x000f0000-0x000fffff]
[    0.000000] e820: [mem 0x40000000-0xfebfffff] available for PCI devices
[    0.000000] Booting paravirtualized kernel on KVM
[    0.000000] clocksource: refined-jiffies: mask: 0xffffffff max_cycles: 0xffffffff, max_idle_ns: 7645519600211568 ns
[    0.000000] setup_percpu: NR_CPUS:512 nr_cpumask_bits:512 nr_cpu_ids:2 nr_node_ids:1
[    0.000000] PERCPU: Embedded 33 pages/cpu @ffff88003fc00000 s95512 r8192 d31464 u1048576
[    0.000000] Built 1 zonelists in Node order, mobility grouping on.  Total pages: 257912
[    0.000000] Policy zone: DMA32
[    0.000000] Kernel command line: BOOT_IMAGE=/boot/vmlinuz-4.4.0-190-generic root=UUID=e8c36fc6-4c06-466e-87c7-f7e1835398e0 ro console=tty1 console=ttyS0
[    0.000000] PID hash table entries: 4096 (order: 3, 32768 bytes)
[    0.000000] Memory: 997096K/1048120K available (8636K kernel code, 1337K rwdata, 4040K rodata, 1492K init, 1296K bss, 51024K reserved, 0K cma-reserved)
[    0.000000] SLUB: HWalign=64, Order=0-3, MinObjects=0, CPUs=2, Nodes=1
[    0.000000] Hierarchical RCU implementation.
[    0.000000] 	Build-time adjustment of leaf fanout to 64.
[    0.000000] 	RCU restricting CPUs from NR_CPUS=512 to nr_cpu_ids=2.
[    0.000000] RCU: Adjusting geometry for rcu_fanout_leaf=64, nr_cpu_ids=2
[    0.000000] NR_IRQS:33024 nr_irqs:440 16
[    0.000000] Console: colour VGA+ 80x25
[    0.000000] console [tty1] enabled
[    0.000000] console [ttyS0] enabled
[    0.000000] tsc: Detected 2096.062 MHz processor
[    0.130317] Calibrating delay loop (skipped) preset value.. 4192.12 BogoMIPS (lpj=8384248)
[    0.131622] pid_max: default: 32768 minimum: 301
[    0.132345] ACPI: Core revision 20150930
[    0.133762] ACPI: 2 ACPI AML tables successfully acquired and loaded
[    0.134771] Security Framework initialized
[    0.135444] Yama: becoming mindful.
[    0.136074] AppArmor: AppArmor initialized
[    0.136798] Dentry cache hash table entries: 131072 (order: 8, 1048576 bytes)
[    0.137935] Inode-cache hash table entries: 65536 (order: 7, 524288 bytes)
[    0.141482] Mount-cache hash table entries: 2048 (order: 2, 16384 bytes)
[    0.142481] Mountpoint-cache hash table entries: 2048 (order: 2, 16384 bytes)
[    0.143628] Initializing cgroup subsys io
[    0.144289] Initializing cgroup subsys memory
[    0.144983] Initializing cgroup subsys devices
[    0.145680] Initializing cgroup subsys freezer
[    0.146383] Initializing cgroup subsys net_cls
[    0.147096] Initializing cgroup subsys perf_event
[    0.147826] Initializing cgroup subsys net_prio
[    0.148538] Initializing cgroup subsys hugetlb
[    0.149294] Initializing cgroup subsys pids
[    0.162005] mce: CPU supports 0 MCE banks
[    0.162673] Last level iTLB entries: 4KB 1024, 2MB 1024, 4MB 512
[    0.163541] Last level dTLB entries: 4KB 1536, 2MB 1536, 4MB 768, 1GB 0
[    0.164491] Spectre V1 : Mitigation: usercopy/swapgs barriers and __user pointer sanitization
[    0.165790] Spectre V2 : Spectre mitigation: LFENCE not serializing, switching to generic retpoline
[    0.167149] Spectre V2 : Mitigation: Full generic retpoline
[    0.167959] Spectre V2 : Spectre v2 / SpectreRSB mitigation: Filling RSB on context switch
[    0.169226] Speculative Store Bypass: Mitigation: Speculative Store Bypass disabled via prctl and seccomp
[    0.172882] Freeing SMP alternatives memory: 36K
[    0.179071] ftrace: allocating 32339 entries in 127 pages
[    0.236003] smpboot: APIC(0) Converting physical 0 to logical package 0
[    0.236957] smpboot: Max logical packages: 1
[    0.237833] x2apic enabled
[    0.238534] Switched APIC routing to physical x2apic.
[    0.240369] ..TIMER: vector=0x30 apic1=0 pin1=2 apic2=-1 pin2=-1
[    0.351628] APIC calibration not consistent with PM-Timer: 102ms instead of 100ms
[    0.352864] APIC delta adjusted to PM-Timer: 6250446 (6401839)
[    0.353828] smpboot: CPU0: AMD Ryzen 5 3550H with Radeon Vega Mobile Gfx (family: 0x17, model: 0x18, stepping: 0x1)
[    0.355508] Performance Events: Broken PMU hardware detected, using software events only.
[    0.356825] Failed to access perfctr msr (MSR c0010007 is 0)
[    0.363693] KVM setup paravirtual spinlock
[    0.365046] x86: Booting SMP configuration:
[    0.365728] .... node  #0, CPUs:      #1
[    0.366651] kvm-clock: cpu 1, msr 0:3ffe3041, secondary cpu clock
[    0.379900] mce: CPU supports 0 MCE banks
[    0.382298] x86: Booted up 1 node, 2 CPUs
[    0.383115] smpboot: Total of 2 processors activated (8384.24 BogoMIPS)
[    0.384417] devtmpfs: initialized
[    0.386458] evm: security.selinux
[    0.387074] evm: security.SMACK64
[    0.387641] evm: security.SMACK64EXEC
[    0.388781] evm: security.SMACK64TRANSMUTE
[    0.389432] evm: security.SMACK64MMAP
[    0.390036] evm: security.ima
[    0.390554] evm: security.capability
[    0.395195] clocksource: jiffies: mask: 0xffffffff max_cycles: 0xffffffff, max_idle_ns: 7645041785100000 ns
[    0.397444] futex hash table entries: 512 (order: 3, 32768 bytes)
[    0.398924] pinctrl core: initialized pinctrl subsystem
[    0.400029] RTC time:  0:28:54, date: 10/09/20
[    0.401091] NET: Registered protocol family 16
[    0.408142] cpuidle: using governor ladder
[    0.417459] cpuidle: using governor menu
[    0.418327] PCCT header not found.
[    0.419490] ACPI: bus type PCI registered
[    0.420367] acpiphp: ACPI Hot Plug PCI Controller Driver version: 0.5
[    0.421707] PCI: Using configuration type 1 for base access
[    0.422667] PCI: Using configuration type 1 for extended access
[    0.430760] ACPI: Added _OSI(Module Device)
[    0.431486] ACPI: Added _OSI(Processor Device)
[    0.432230] ACPI: Added _OSI(3.0 _SCP Extensions)
[    0.432974] ACPI: Added _OSI(Processor Aggregator Device)
[    0.434254] ACPI: Executed 1 blocks of module-level executable AML code
[    0.436784] ACPI: Interpreter enabled
[    0.437417] ACPI: (supports S0 S5)
[    0.438029] ACPI: Using IOAPIC for interrupt routing
[    0.438911] PCI: Using host bridge windows from ACPI; if necessary, use "pci=nocrs" and report a bug
[    0.443011] ACPI: PCI Root Bridge [PCI0] (domain 0000 [bus 00-ff])
[    0.443920] acpi PNP0A03:00: _OSC: OS supports [ExtendedConfig ASPM ClockPM Segments MSI]
[    0.445670] acpi PNP0A03:00: _OSC: platform does not support [PCIeCapability]
[    0.446935] acpi PNP0A03:00: _OSC: not requesting control; platform does not support [PCIeCapability]
[    0.448335] acpi PNP0A03:00: _OSC: OS requested [PCIeHotplug PME AER PCIeCapability]
[    0.449565] acpi PNP0A03:00: _OSC: platform willing to grant [PCIeHotplug PME AER]
[    0.458375] acpi PNP0A03:00: _OSC failed (AE_SUPPORT); disabling ASPM
[    0.459580] PCI host bridge to bus 0000:00
[    0.460260] pci_bus 0000:00: root bus resource [io  0x0000-0x0cf7 window]
[    0.461254] pci_bus 0000:00: root bus resource [io  0x0d00-0xffff window]
[    0.462237] pci_bus 0000:00: root bus resource [mem 0x000a0000-0x000bffff window]
[    0.463449] pci_bus 0000:00: root bus resource [mem 0x40000000-0xfdffffff window]
[    0.464692] pci_bus 0000:00: root bus resource [bus 00-ff]
[    0.467042] pci 0000:00:01.1: legacy IDE quirk: reg 0x10: [io  0x01f0-0x01f7]
[    0.468103] pci 0000:00:01.1: legacy IDE quirk: reg 0x14: [io  0x03f6]
[    0.469065] pci 0000:00:01.1: legacy IDE quirk: reg 0x18: [io  0x0170-0x0177]
[    0.470088] pci 0000:00:01.1: legacy IDE quirk: reg 0x1c: [io  0x0376]
[    0.483407] pci 0000:00:07.0: quirk: [io  0x4000-0x403f] claimed by PIIX4 ACPI
[    0.484633] pci 0000:00:07.0: quirk: [io  0x4100-0x410f] claimed by PIIX4 SMB
[    0.494184] ACPI: PCI Interrupt Link [LNKA] (IRQs 5 9 10 *11)
[    0.495585] ACPI: PCI Interrupt Link [LNKB] (IRQs 5 9 *10 11)
[    0.496815] ACPI: PCI Interrupt Link [LNKC] (IRQs 5 *9 10 11)
[    0.498041] ACPI: PCI Interrupt Link [LNKD] (IRQs 5 9 10 *11)
[    0.499294] ACPI: Enabled 2 GPEs in block 00 to 07
[    0.500299] vgaarb: setting as boot device: PCI:0000:00:02.0
[    0.501147] vgaarb: device added: PCI:0000:00:02.0,decodes=io+mem,owns=io+mem,locks=none
[    0.502443] vgaarb: loaded
[    0.502964] vgaarb: bridge control possible 0000:00:02.0
[    0.503961] SCSI subsystem initialized
[    0.504740] ACPI: bus type USB registered
[    0.505748] usbcore: registered new interface driver usbfs
[    0.506995] usbcore: registered new interface driver hub
[    0.508006] usbcore: registered new device driver usb
[    0.509020] PCI: Using ACPI for IRQ routing
[    0.509948] NetLabel: Initializing
[    0.510581] NetLabel:  domain hash size = 128
[    0.511611] NetLabel:  protocols = UNLABELED CIPSOv4
[    0.512742] NetLabel:  unlabeled traffic allowed by default
[    0.514091] amd_nb: Cannot enumerate AMD northbridges
[    0.515289] clocksource: Switched to clocksource kvm-clock
[    0.527083] AppArmor: AppArmor Filesystem Enabled
[    0.527862] pnp: PnP ACPI init
[    0.529022] pnp: PnP ACPI: found 3 devices
[    0.537753] clocksource: acpi_pm: mask: 0xffffff max_cycles: 0xffffff, max_idle_ns: 2085701024 ns
[    0.539090] NET: Registered protocol family 2
[    0.539901] TCP established hash table entries: 8192 (order: 4, 65536 bytes)
[    0.540858] TCP bind hash table entries: 8192 (order: 5, 131072 bytes)
[    0.541764] TCP: Hash tables configured (established 8192 bind 8192)
[    0.544997] UDP hash table entries: 512 (order: 2, 16384 bytes)
[    0.545883] UDP-Lite hash table entries: 512 (order: 2, 16384 bytes)
[    0.546867] NET: Registered protocol family 1
[    0.547562] pci 0000:00:00.0: Limiting direct PCI/PCI transfers
[    0.548409] pci 0000:00:01.0: Activating ISA DMA hang workarounds
[    0.549369] Unpacking initramfs...
[    0.802131] Freeing initrd memory: 15448K
[    0.802951] clocksource: tsc: mask: 0xffffffffffffffff max_cycles: 0x1e36a88731c, max_idle_ns: 440795269020 ns
[    0.804491] platform rtc_cmos: registered platform RTC device (no PNP device found)
[    0.805661] Scanning for low memory corruption every 60 seconds
[    0.806837] audit: initializing netlink subsys (disabled)
[    0.807662] audit: type=2000 audit(1602203340.131:1): initialized
[    0.808758] Initialise system trusted keyring
[    0.809608] HugeTLB registered 2 MB page size, pre-allocated 0 pages
[    0.812276] zbud: loaded
[    0.813344] VFS: Disk quotas dquot_6.6.0
[    0.814003] VFS: Dquot-cache hash table entries: 512 (order 0, 4096 bytes)
[    0.815118] squashfs: version 4.0 (2009/01/31) Phillip Lougher
[    0.816235] fuse init (API version 7.23)
[    0.817382] Key type big_key registered
[    0.818332] Allocating IMA MOK and blacklist keyrings.
[    0.820301] Key type asymmetric registered
[    0.820971] Asymmetric key parser 'x509' registered
[    0.821764] Block layer SCSI generic (bsg) driver version 0.4 loaded (major 249)
[    0.823044] io scheduler noop registered
[    0.823677] io scheduler deadline registered (default)
[    0.824479] io scheduler cfq registered
[    0.825186] pci_hotplug: PCI Hot Plug PCI Core version: 0.5
[    0.826018] pciehp: PCI Express Hot Plug Controller Driver version: 0.4
[    0.827066] ACPI: AC Adapter [AC] (on-line)
[    0.827755] input: Power Button as /devices/LNXSYSTM:00/LNXPWRBN:00/input/input0
[    0.828959] ACPI: Power Button [PWRF]
[    0.829620] input: Sleep Button as /devices/LNXSYSTM:00/LNXSLPBN:00/input/input1
[    0.830878] ACPI: Sleep Button [SLPF]
[    0.831624] GHES: HEST is not enabled!
[    0.832200] ACPI: Battery Slot [BAT0] (battery present)
[    0.833153] Serial: 8250/16550 driver, 32 ports, IRQ sharing enabled
[    0.854523] 00:02: ttyS0 at I/O 0x3f8 (irq = 4, base_baud = 115200) is a 16550A
[    0.857426] Linux agpgart interface v0.103
[    0.859844] loop: module loaded
[    0.861283] scsi host0: ata_piix
[    0.861931] scsi host1: ata_piix
[    0.862556] ata1: PATA max UDMA/33 cmd 0x1f0 ctl 0x3f6 bmdma 0xd000 irq 14
[    0.863520] ata2: PATA max UDMA/33 cmd 0x170 ctl 0x376 bmdma 0xd008 irq 15
[    0.864514] libphy: Fixed MDIO Bus: probed
[    0.865222] tun: Universal TUN/TAP device driver, 1.6
[    0.865957] tun: (C) 1999-2004 Max Krasnyansky <maxk@qualcomm.com>
[    0.866912] PPP generic driver version 2.4.2
[    0.867653] ehci_hcd: USB 2.0 'Enhanced' Host Controller (EHCI) Driver
[    0.868563] ehci-pci: EHCI PCI platform driver
[    0.869247] ehci-platform: EHCI generic platform driver
[    0.870014] ohci_hcd: USB 1.1 'Open' Host Controller (OHCI) Driver
[    0.870879] ohci-pci: OHCI PCI platform driver
[    0.871565] ohci-platform: OHCI generic platform driver
[    0.872347] uhci_hcd: USB Universal Host Controller Interface driver
[    0.873301] i8042: PNP: PS/2 Controller [PNP0303:PS2K,PNP0f03:PS2M] at 0x60,0x64 irq 1,12
[    0.874983] serio: i8042 KBD port at 0x60,0x64 irq 1
[    0.875732] serio: i8042 AUX port at 0x60,0x64 irq 12
[    0.876654] mousedev: PS/2 mouse device common for all mice
[    0.877795] input: AT Translated Set 2 keyboard as /devices/platform/i8042/serio0/input/input2
[    0.879508] rtc_cmos rtc_cmos: rtc core: registered rtc_cmos as rtc0
[    0.880464] rtc_cmos rtc_cmos: alarms up to one day, 114 bytes nvram
[    0.881367] i2c /dev entries driver
[    0.882001] device-mapper: uevent: version 1.0.3
[    0.882800] device-mapper: ioctl: 4.34.0-ioctl (2015-10-28) initialised: dm-devel@redhat.com
[    0.884113] ledtrig-cpu: registered to indicate activity on CPUs
[    0.885392] NET: Registered protocol family 10
[    0.886280] NET: Registered protocol family 17
[    0.887048] Key type dns_resolver registered
[    0.888031] registered taskstats version 1
[    0.888713] Loading compiled-in X.509 certificates
[    0.889920] Loaded X.509 cert 'Build time autogenerated kernel key: b89e9ea735e1dbde81c7786f041ecf1d53e71c2e'
[    0.891411] zswap: loaded using pool lzo/zbud
[    0.893874] Key type trusted registered
[    0.897728] Key type encrypted registered
[    0.898393] AppArmor: AppArmor sha1 policy hashing enabled
[    0.899213] ima: No TPM chip found, activating TPM-bypass!
[    0.900056] ima: Allocated hash algorithm: sha1
[    0.900779] evm: HMAC attrs: 0x1
[    0.901631]   Magic number: 8:622:455
[    0.902333] rtc_cmos rtc_cmos: setting system clock to 2020-10-09 00:28:55 UTC (1602203335)
[    0.903746] BIOS EDD facility v0.16 2004-Jun-25, 0 devices found
[    0.904651] EDD information not available.
[    1.150105] Freeing unused kernel memory: 1492K
[    1.151226] Write protecting the kernel read-only data: 14336k
[    1.153089] Freeing unused kernel memory: 1592K
[    1.154196] Freeing unused kernel memory: 56K
Loading, please wait...
starting version 229
[    1.164158] random: systemd-udevd: uninitialized urandom read (16 bytes read, 3 bits of entropy available)
[    1.164567] random: udevadm: uninitialized urandom read (16 bytes read, 3 bits of entropy available)
[    1.164588] random: udevadm: uninitialized urandom read (16 bytes read, 3 bits of entropy available)
[    1.168420] random: systemd-udevd: uninitialized urandom read (16 bytes read, 3 bits of entropy available)
[    1.169839] random: systemd-udevd: uninitialized urandom read (16 bytes read, 3 bits of entropy available)
[    1.171254] random: systemd-udevd: uninitialized urandom read (16 bytes read, 3 bits of entropy available)
[    1.171262] random: udevadm: uninitialized urandom read (16 bytes read, 3 bits of entropy available)
[    1.171342] random: udevadm: uninitialized urandom read (16 bytes read, 3 bits of entropy available)
[    1.171455] random: udevadm: uninitialized urandom read (16 bytes read, 3 bits of entropy available)
[    1.171499] random: udevadm: uninitialized urandom read (16 bytes read, 3 bits of entropy available)
[    1.211373] e1000: Intel(R) PRO/1000 Network Driver - version 7.3.21-k8-NAPI
[    1.212373] e1000: Copyright (c) 1999-2006 Intel Corporation.
[    1.217864] Fusion MPT base driver 3.04.20
[    1.218539] Copyright (c) 1999-2008 LSI Corporation
[    1.222624] Fusion MPT SPI Host driver 3.04.20
[    1.237848] AVX2 version of gcm_enc/dec engaged.
[    1.238587] AES CTR mode by8 optimization enabled
[    1.442246] input: ImExPS/2 Generic Explorer Mouse as /devices/platform/i8042/serio1/input/input4
[    1.555226] e1000 0000:00:03.0 eth0: (PCI:33MHz:32-bit) 02:38:f8:91:fa:5a
[    1.556332] e1000 0000:00:03.0 eth0: Intel(R) PRO/1000 Network Connection
[    1.557859] mptbase: ioc0: Initiating bringup
[    1.619603] ioc0: LSI53C1030 A0: Capabilities={Initiator}
[    1.781251] scsi host2: ioc0: LSI53C1030 A0, FwRev=00000000h, Ports=1, MaxQ=256, IRQ=20
[    3.271631] scsi 2:0:0:0: Direct-Access     VBOX     HARDDISK         1.0  PQ: 0 ANSI: 5
[    3.273550] scsi target2:0:0: Beginning Domain Validation
[    3.275869] scsi target2:0:0: Domain Validation skipping write tests
[    3.277195] scsi target2:0:0: Ending Domain Validation
[    3.278201] scsi target2:0:0: asynchronous
[    3.279276] scsi 2:0:1:0: Direct-Access     VBOX     HARDDISK         1.0  PQ: 0 ANSI: 5
[    3.280520] scsi target2:0:1: Beginning Domain Validation
[    3.281827] scsi target2:0:1: Domain Validation skipping write tests
[    3.282756] scsi target2:0:1: Ending Domain Validation
[    3.283567] scsi target2:0:1: asynchronous
[    3.287962] sd 2:0:0:0: Attached scsi generic sg0 type 0
[    3.288862] sd 2:0:0:0: [sda] 20971520 512-byte logical blocks: (10.7 GB/10.0 GiB)
[    3.290285] sd 2:0:0:0: [sda] Write Protect is off
[    3.291040] sd 2:0:1:0: Attached scsi generic sg1 type 0
[    3.291310] sd 2:0:1:0: [sdb] 20480 512-byte logical blocks: (10.5 MB/10.0 MiB)
[    3.291412] sd 2:0:1:0: [sdb] Write Protect is off
[    3.291474] sd 2:0:1:0: [sdb] Incomplete mode parameter data
[    3.291475] sd 2:0:1:0: [sdb] Assuming drive cache: write through
[    3.293412] sd 2:0:1:0: [sdb] Attached SCSI disk
[    3.296349] sd 2:0:0:0: [sda] Incomplete mode parameter data
[    3.297200] sd 2:0:0:0: [sda] Assuming drive cache: write through
[    3.300304]  sda: sda1
[    3.301375] sd 2:0:0:0: [sda] Attached SCSI disk
[    3.629303] e1000 0000:00:08.0 eth1: (PCI:33MHz:32-bit) 08:00:27:82:55:18
[    3.630413] e1000 0000:00:08.0 eth1: Intel(R) PRO/1000 Network Connection
[    3.632337] e1000 0000:00:03.0 enp0s3: renamed from eth0
[    3.643762] e1000 0000:00:08.0 enp0s8: renamed from eth1
Begin: Loading essential drivers ... [    4.926682] md: linear personality registered for level -1
[    4.929933] md: multipath personality registered for level -4
[    4.933070] md: raid0 personality registered for level 0
[    4.936453] md: raid1 personality registered for level 1
[    5.007415] raid6: sse2x1   gen()  8100 MB/s
[    5.075979] raid6: sse2x1   xor()  7741 MB/s
[    5.143565] raid6: sse2x2   gen() 16858 MB/s
[    5.211304] raid6: sse2x2   xor() 10389 MB/s
[    5.279741] raid6: sse2x4   gen() 16188 MB/s
[    5.347350] raid6: sse2x4   xor()  8746 MB/s
[    5.415871] raid6: avx2x1   gen() 18944 MB/s
[    5.483456] raid6: avx2x2   gen() 16509 MB/s
[    5.551295] raid6: avx2x4   gen() 19395 MB/s
[    5.552054] raid6: using algorithm avx2x4 gen() 19395 MB/s
[    5.552951] raid6: using avx2x2 recovery algorithm
[    5.555011] xor: automatically using best checksumming function:
[    5.597082]    avx       : 14429.000 MB/sec
[    5.598974] async_tx: api initialized (async)
[    5.608171] md: raid6 personality registered for level 6
[    5.608979] md: raid5 personality registered for level 5
[    5.609754] md: raid4 personality registered for level 4
[    5.614944] md: raid10 personality registered for level 10
done.
Begin: Running /scripts/init-premount ... done.
Begin: Mounting root file system ... Begin: Running /scripts/local-top ... done.
Begin: Running /scripts/local-premount ... [    5.637281] Btrfs loaded
Scanning for Btrfs filesystems
done.
Warning: fsck not present, so skipping root file system
[    5.662125] EXT4-fs (sda1): INFO: recovery required on readonly filesystem
[    5.663077] EXT4-fs (sda1): write access will be enabled during recovery
[    5.723445] EXT4-fs (sda1): recovery complete
[    5.724326] EXT4-fs (sda1): mounted filesystem with ordered data mode. Opts: (null)
done.
Begin: Running /scripts/local-bottom ... done.
Begin: Running /scripts/init-bottom ... done.
[    5.824845] systemd[1]: systemd 229 running in system mode. (+PAM +AUDIT +SELINUX +IMA +APPARMOR +SMACK +SYSVINIT +UTMP +LIBCRYPTSETUP +GCRYPT +GNUTLS +ACL +XZ -LZ4 +SECCOMP +BLKID +ELFUTILS +KMOD -IDN)
[    5.827463] systemd[1]: Detected virtualization oracle.
[    5.828275] systemd[1]: Detected architecture x86-64.

Welcome to [1mUbuntu 16.04.6 LTS[0m!

[    5.830618] systemd[1]: Set hostname to <ubuntu-xenial>.
[    5.955708] systemd[1]: [/etc/systemd/system/snap-heroku-3993.mount:10] Unknown lvalue 'LazyUnmount' in section 'Mount'
[    5.958073] systemd[1]: [/etc/systemd/system/snap-core-9993.mount:10] Unknown lvalue 'LazyUnmount' in section 'Mount'
[    5.961629] systemd[1]: [/etc/systemd/system/snap-heroku-3991.mount:10] Unknown lvalue 'LazyUnmount' in section 'Mount'
[    5.971253] systemd[1]: Listening on Device-mapper event daemon FIFOs.
[[0;32m  OK  [0m] Listening on Device-mapper event daemon FIFOs.
[    5.973102] systemd[1]: Listening on Journal Audit Socket.
[[0;32m  OK  [0m] Listening on Journal Audit Socket.
[    5.974597] systemd[1]: Listening on LVM2 poll daemon socket.
[[0;32m  OK  [0m] Listening on LVM2 poll daemon socket.
[    5.976230] systemd[1]: Listening on Journal Socket.
[[0;32m  OK  [0m] Listening on Journal Socket.
[    5.978127] systemd[1]: Listening on udev Control Socket.
[[0;32m  OK  [0m] Listening on udev Control Socket.
[    5.980342] systemd[1]: Created slice System Slice.
[[0;32m  OK  [0m] Created slice System Slice.
[    5.991896] systemd[1]: Starting Remount Root and Kernel File Systems...
         Starting Remount Root and Kernel File Systems...
[    5.995635] systemd[1]: Created slice system-postgresql.slice.
[[0;32m  OK  [0m] Created slice system-postgresql.slice.
[    5.997940] systemd[1]: Starting Create list of required static device nodes for the current kernel...
         Starting Create list of required st... nodes for the current kernel...
[    6.004783] systemd[1]: Starting Uncomplicated firewall...
         Starting Uncomplicated firewall...[    6.006912] EXT4-fs (sda1): re-mounted. Opts: (null)

[    6.008397] systemd[1]: Listening on Journal Socket (/dev/log).
[[0;32m  OK  [0m] Listening on Journal Socket (/dev/log).
[    6.010124] systemd[1]: Reached target System Time Synchronized.
[[0;32m  OK  [0m] Reached target System Time Synchronized.
[    6.011841] systemd[1]: Started Trigger resolvconf update for networkd DNS.
[[0;32m  OK  [0m] Started Trigger resolvconf update for networkd DNS.
[    6.013746] systemd[1]: Reached target Swap.
[[0;32m  OK  [0m] Reached target Swap.
[    6.016005] systemd[1]: Mounting Huge Pages File System...
         Mounting Huge Pages File System...
[    6.017621] systemd[1]: Listening on udev Kernel Socket.
[[0;32m  OK  [0m] Listening on udev Kernel Socket.
[    6.019312] systemd[1]: Set up automount Arbitrary Executable File Formats File System Automount Point.
[[0;32m  OK  [0m] Set up automount Arbitrary Executab...ats File System Automount Point.
[    6.022820] systemd[1]: Starting Set console keymap...
         Starting Set console keymap...
[    6.024532] systemd[1]: Listening on Syslog Socket.
[[0;32m  OK  [0m] Listening on Syslog Socket.
[    6.026073] systemd[1]: Listening on /dev/initctl Compatibility Named Pipe.
[[0;32m  OK  [0m] Listening on /dev/initctl Compatibility Named Pipe.
[    6.029075] systemd[1]: Starting Nameserver information manager...
         Starting Nameserver information manager...
[    6.032742] systemd[1]: Starting Load Kernel Modules...
         Starting Load Kernel Modules...
[    6.034597] systemd[1]: Starting Journal Service...
         Starting Journal Service...
[    6.036086] systemd[1]: Reached target User and Group Name Lookups.
[[0;32m  OK  [0m] Reached target User and Group Name Lookups.
[    6.038459] systemd[1]: Listening on LVM2 metadata daemon socket.
[[0;32m  OK  [0m] Listening on LVM2 metadata daemon socket.
[    6.042693] systemd[1]: Starting Monitoring of LVM2 mirrors, snapshots etc. using dmeventd or progress polling...
[    6.044444] random: nonblocking pool is initialized
         Starting Monitoring of LVM2 mirrors... dmeventd or progress polling...
[    6.047088] systemd[1]: Created slice system-serial\x2dgetty.slice.
[[0;32m  OK  [0m] Created slice system-serial\x2dgetty.slice.
[    6.056406] systemd[1]: Mounting POSIX Message Queue File System...
         Mounting POSIX Message Queue File System...
[    6.058964] systemd[1]: Started Forward Password Requests to Wall Directory Watch.
[[0;32m  OK  [0m] Started Forward Password Requests to Wall Directory Watch.
[    6.063068] Loading iSCSI transport class v2.0-870.
[    6.064431] systemd[1]: Mounting Debug File System...
         Mounting Debug File System...
[    6.066237] systemd[1]: Reached target Encrypted Volumes.
[[0;32m  OK  [0m] Reached target Encrypted Volumes.
[    6.067971] systemd[1]: Created slice User and Session Slice.
[[0;32m  OK  [0m] Created slice User and Session Slice.
[    6.069649] systemd[1]: Reached target Slices.
[[0;32m  OK  [0m] Reached target Slices.
[    6.076302] systemd[1]: Mounted Debug File System.
[[0;32m  OK  [0m] Mounted Debug File System.
[    6.077857] systemd[1]: Mounted Huge Pages File System.
[[0;32m  OK  [0m] Mounted Huge Pages File System.
[    6.079346] systemd[1]: Mounted POSIX Message Queue File System.
[[0;32m  OK  [0m] Mounted POSIX Message Queue File System.
[    6.081589] systemd[1]: Started Remount Root and Kernel File Systems.
[[0;32m  OK  [0m] Started Remount Root and Kernel File Systems.
[    6.083915] systemd[1]: Started Create list of required static device nodes for the current kernel.
[[0;32m  OK  [0m] Started Create list of required sta...ce nodes for the current kernel.
[    6.086874] systemd[1]: Started Uncomplicated firewall.
[[0;32m  OK  [0m] Started Uncomplicated firewall.
[    6.088794] iscsi: registered transport (tcp)
[    6.089160] systemd[1]: Started Set console keymap.
[[0;32m  OK  [0m] Started Set console keymap.
[    6.093063] systemd[1]: Started Journal Service.
[[0;32m  OK  [0m] Started Journal Service.
[[0;32m  OK  [0m] Started Nameserver information manager.
[[0;32m  OK  [0m] Started LVM2 metadata daemon.
         Starting Create Static Device Nodes in /dev...
         Starting Flush Journal to Persistent Storage...
         Starting Load/Save Random Seed...
         Starting udev Coldplug all Devices...
[[0;32m  OK  [0m] Started Load/Save Random Seed.
[    6.119737] systemd-journald[404]: Received request to flush runtime journal from PID 1
[[0;32m  OK  [0m] Started Flush Journal to Persistent Storage.
[[0;32m  OK  [0m] Started Create Static Device Nodes in /dev.
[    6.152850] iscsi: registered transport (iser)
         Starting udev Kernel Device Manager...
[[0;32m  OK  [0m] Started Load Kernel Modules.
[[0;32m  OK  [0m] Started udev Coldplug all Devices.
         Mounting FUSE Control File System...
         Starting Apply Kernel Variables...
[[0;32m  OK  [0m] Mounted FUSE Control File System.
[[0;32m  OK  [0m] Started Apply Kernel Variables.
[[0;32m  OK  [0m] Started udev Kernel Device Manager.
[[0;32m  OK  [0m] Started Dispatch Password Requests to Console Directory Watch.
[[0;32m  OK  [0m] Found device /dev/ttyS0.
[[0;32m  OK  [0m] Listening on Load/Save RF Kill Switch Status /dev/rfkill Watch.
[[0;32m  OK  [0m] Found device 82540EM Gigabit Ethern...r (PRO/1000 MT Desktop Adapter).
[[0;32m  OK  [0m] Found device 82540EM Gigabit Ethern...r (PRO/1000 MT Desktop Adapter).
[[0;32m  OK  [0m] Started Monitoring of LVM2 mirrors,...ng dmeventd or progress polling.
[[0;32m  OK  [0m] Reached target Local File Systems (Pre).
         Mounting Mount unit for core, revision 9993...
[[0;32m  OK  [0m] Reached target Local File Systems.
         Starting Set console font and keymap...
         Starting LSB: AppArmor initialization...
         Starting Create Volatile Files and Directories...
         Starting Tell Plymouth To Write Out Runtime Data...
         Starting Initial cloud-init job (pre-networking)...
         Mounting Mount unit for heroku, revision 3993...
         Mounting Mount unit for heroku, revision 3991...
[[0;32m  OK  [0m] Started Tell Plymouth To Write Out Runtime Data.
[[0;32m  OK  [0m] Started Create Volatile Files and Directories.
         Starting Update UTMP about System Boot/Shutdown...
[[0;32m  OK  [0m] Mounted Mount unit for heroku, revision 3993.
[[0;32m  OK  [0m] Mounted Mount unit for core, revision 9993.
[[0;32m  OK  [0m] Mounted Mount unit for heroku, revision 3991.
[[0;32m  OK  [0m] Started Update UTMP about System Boot/Shutdown.
[[0;32m  OK  [0m] Started Set console font and keymap.
[[0;32m  OK  [0m] Created slice system-getty.slice.
[[0;32m  OK  [0m] Started LSB: AppArmor initialization.
         Starting Load AppArmor profiles managed internally by snapd...
[[0;32m  OK  [0m] Started Load AppArmor profiles managed internally by snapd.
[    7.223018] cloud-init[659]: Cloud-init v. 19.4-33-gbb4131a2-0ubuntu1~16.04.1 running 'init-local' at Fri, 09 Oct 2020 00:29:01 +0000. Up 7.00 seconds.
[[0;32m  OK  [0m] Started Initial cloud-init job (pre-networking).
[[0;32m  OK  [0m] Reached target Network (Pre).
         Starting Raise network interfaces...
[[0;32m  OK  [0m] Started ifup for enp0s8.
[[0;32m  OK  [0m] Started ifup for enp0s3.
[[0;32m  OK  [0m] Started Raise network interfaces.
         Starting Initial cloud-init job (metadata service crawler)...
[[0;32m  OK  [0m] Reached target Network.
[    7.850130] cloud-init[1132]: Cloud-init v. 19.4-33-gbb4131a2-0ubuntu1~16.04.1 running 'init' at Fri, 09 Oct 2020 00:29:02 +0000. Up 7.63 seconds.
[    7.851857] cloud-init[1132]: ci-info: ++++++++++++++++++++++++++++++++++++++Net device info+++++++++++++++++++++++++++++++++++++++
[    7.853281] cloud-init[1132]: ci-info: +--------+------+-----------------------------+---------------+--------+-------------------+
[    7.854569] cloud-init[1132]: ci-info: | Device |  Up  |           Address           |      Mask     | Scope  |     Hw-Address    |
[    7.855859] cloud-init[1132]: ci-info: +--------+------+-----------------------------+---------------+--------+-------------------+
[    7.857285] cloud-init[1132]: ci-info: | enp0s3 | True |          10.0.2.15          | 255.255.255.0 | global | 02:38:f8:91:fa:5a |
[    7.858568] cloud-init[1132]: ci-info: | enp0s3 | True |  fe80::38:f8ff:fe91:fa5a/64 |       .       |  link  | 02:38:f8:91:fa:5a |
[    7.859855] cloud-init[1132]: ci-info: | enp0s8 | True |        192.168.33.10        | 255.255.255.0 | global | 08:00:27:82:55:18 |
[    7.861106] cloud-init[1132]: ci-info: | enp0s8 | True | fe80::a00:27ff:fe82:5518/64 |       .       |  link  | 08:00:27:82:55:18 |
[    7.862339] cloud-init[1132]: ci-info: |   lo   | True |          127.0.0.1          |   255.0.0.0   |  host  |         .         |
[    7.863577] cloud-init[1132]: ci-info: |   lo   | True |           ::1/128           |       .       |  host  |         .         |
[    7.864810] cloud-init[1132]: ci-info: +--------+------+-----------------------------+---------------+--------+-------------------+
[    7.866057] cloud-init[1132]: ci-info: ++++++++++++++++++++++++++++Route IPv4 info++++++++++++++++++++++++++++
[    7.867129] cloud-init[1132]: ci-info: +-------+--------------+----------+---------------+-----------+-------+
[    7.868312] cloud-init[1132]: ci-info: | Route | Destination  | Gateway  |    Genmask    | Interface | Flags |
[    7.869468] cloud-init[1132]: ci-info: +-------+--------------+----------+---------------+-----------+-------+
[    7.870565] cloud-init[1132]: ci-info: |   0   |   0.0.0.0    | 10.0.2.2 |    0.0.0.0    |   enp0s3  |   UG  |
[    7.871667] cloud-init[1132]: ci-info: |   1   |   10.0.2.0   | 0.0.0.0  | 255.255.255.0 |   enp0s3  |   U   |
[    7.872759] cloud-init[1132]: ci-info: |   2   | 192.168.33.0 | 0.0.0.0  | 255.255.255.0 |   enp0s8  |   U   |
[    7.873840] cloud-init[1132]: ci-info: +-------+--------------+----------+---------------+-----------+-------+
[    7.881119] cloud-init[1132]: ci-info: +++++++++++++++++++Route IPv6 info+++++++++++++++++++
[    7.882157] cloud-init[1132]: ci-info: +-------+-------------+---------+-----------+-------+
[    7.883222] cloud-init[1132]: ci-info: | Route | Destination | Gateway | Interface | Flags |
[    7.884265] cloud-init[1132]: ci-info: +-------+-------------+---------+-----------+-------+
[    7.885240] cloud-init[1132]: ci-info: |   0   |  fe80::/64  |    ::   |   enp0s8  |   U   |
[    7.892854] cloud-init[1132]: ci-info: |   1   |  fe80::/64  |    ::   |   enp0s3  |   U   |
[    7.893946] cloud-init[1132]: ci-info: |   4   |   ff00::/8  |    ::   |   enp0s8  |   U   |
[    7.894999] cloud-init[1132]: ci-info: |   5   |   ff00::/8  |    ::   |   enp0s3  |   U   |
[    7.896219] cloud-init[1132]: ci-info: +-------+-------------+---------+-----------+-------+
[[0;32m  OK  [0m] Started Initial cloud-init job (metadata service crawler).
[[0;32m  OK  [0m] Reached target Network is Online.
         Starting iSCSI initiator daemon (iscsid)...
[[0;32m  OK  [0m] Reached target Cloud-config availability.
[[0;32m  OK  [0m] Reached target System Initialization.
[[0;32m  OK  [0m] Listening on ACPID Listen Socket.
[[0;32m  OK  [0m] Listening on UUID daemon activation socket.
[[0;32m  OK  [0m] Started Message of the Day.
[[0;32m  OK  [0m] Started ACPI Events Check.
[[0;32m  OK  [0m] Reached target Paths.
         Starting LXD - unix socket.
[[0;32m  OK  [0m] Started Daily apt download activities.
[[0;32m  OK  [0m] Started Daily apt upgrade and clean activities.
[[0;32m  OK  [0m] Started Daily Cleanup of Temporary Directories.
[[0;32m  OK  [0m] Reached target Timers.
[[0;32m  OK  [0m] Listening on D-Bus System Message Bus Socket.
         Starting Socket activation for snappy daemon.
[[0;32m  OK  [0m] Listening on LXD - unix socket.
[[0;32m  OK  [0m] Listening on Socket activation for snappy daemon.
[[0;32m  OK  [0m] Reached target Sockets.
[[0;32m  OK  [0m] Reached target Basic System.
         Starting /etc/rc.local Compatibility...
[[0;32m  OK  [0m] Started FUSE filesystem for LXC.
         Starting vboxadd.service...
         Starting Accounts Service...
         Starting Snap Daemon...
         Starting Login Service...
         Starting PostgreSQL Cluster 9.5-main...
         Starting LSB: MD monitoring daemon...
         Starting System Logging Service...
[[0;32m  OK  [0m] Started ACPI event daemon.
         Starting LSB: Record successful boot for GRUB...
[[0;32m  OK  [0m] Started Regular background program processing daemon.
[[0;32m  OK  [0m] Started D-Bus System Message Bus.
         Starting OpenBSD Secure Shell server...
[[0;32m  OK  [0m] Started Deferred execution scheduler.
         Starting LXD - container startup/shutdown...
[[0;32m  OK  [0m] Started System Logging Service.
[[0;32m  OK  [0m] Started iSCSI initiator daemon (iscsid).
[[0;32m  OK  [0m] Started /etc/rc.local Compatibility.
[[0;32m  OK  [0m] Started Login Service.
[[0;32m  OK  [0m] Started Unattended Upgrades Shutdown.
         Starting Authenticate and Authorize Users to Run Privileged Tasks...
         Starting Login to default iSCSI targets...
[[0;32m  OK  [0m] Started LSB: Record successful boot for GRUB.
[[0;32m  OK  [0m] Started LSB: MD monitoring daemon.
[[0;32m  OK  [0m] Started Login to default iSCSI targets.
[[0;32m  OK  [0m] Reached target Remote File Systems (Pre).
[[0;32m  OK  [0m] Reached target Remote File Systems.
         Starting LSB: automatic crash report generation...
         Starting Permit User Sessions...
         Starting LSB: Set the CPU Frequency Scaling governor to "ondemand"...
         Starting LSB: Start/stop sysstat's sadc...
         Starting LSB: daemon to balance interrupts for SMP systems...
[[0;32m  OK  [0m] Started Permit User Sessions.
[[0;32m  OK  [0m] Started Authenticate and Authorize Users to Run Privileged Tasks.
         Starting Hold until boot process finishes up...
         Starting Terminate Plymouth Boot Screen...
[[0;32m  OK  [0m] Started Hold until boot process finishes up.
[[0;32m  OK  [0m] Started Serial Getty on ttyS0.
         Starting Set console scheme...
[[0;32m  OK  [0m] Started Getty on tty1.
[[0;32m  OK  [0m] Reached target Login Prompts.
[[0;32m  OK  [0m] Started Terminate Plymouth Boot Screen.
[[0;32m  OK  [0m] Started Set console scheme.
[[0;32m  OK  [0m] Started Accounts Service.
[[0;32m  OK  [0m] Started LSB: Set the CPU Frequency Scaling governor to "ondemand".
[[0;32m  OK  [0m] Started LSB: Start/stop sysstat's sadc.
[[0;32m  OK  [0m] Started OpenBSD Secure Shell server.
[[0;32m  OK  [0m] Started LSB: daemon to balance interrupts for SMP systems.
[[0;32m  OK  [0m] Started LSB: automatic crash report generation.
[[0;32m  OK  [0m] Started LXD - container startup/shutdown.
[[0;32m  OK  [0m] Started Snap Daemon.
         Starting Wait until snapd is fully seeded...
[[0;32m  OK  [0m] Started vboxadd.service.
         Starting vboxadd-service.service...
[[0;32m  OK  [0m] Started vboxadd-service.service.
[[0;32m  OK  [0m] Started Wait until snapd is fully seeded.
         Starting Apply the settings specified in cloud-config...
[   10.335554] cloud-init[1502]: Cloud-init v. 19.4-33-gbb4131a2-0ubuntu1~16.04.1 running 'modules:config' at Fri, 09 Oct 2020 00:29:05 +0000. Up 10.26 seconds.
[[0;32m  OK  [0m] Started Apply the settings specified in cloud-config.
[[0;32m  OK  [0m] Started PostgreSQL Cluster 9.5-main.
         Starting PostgreSQL RDBMS...
[[0;32m  OK  [0m] Started PostgreSQL RDBMS.
[[0;32m  OK  [0m] Reached target Multi-User System.
         Starting Execute cloud user/final scripts...
[[0;32m  OK  [0m] Reached target Graphical Interface.
         Starting Update UTMP about System Runlevel Changes...
[[0;32m  OK  [0m] Started Update UTMP about System Runlevel Changes.
[   11.073151] cloud-init[1520]: Cloud-init v. 19.4-33-gbb4131a2-0ubuntu1~16.04.1 running 'modules:final' at Fri, 09 Oct 2020 00:29:05 +0000. Up 10.99 seconds.
[   11.075035] cloud-init[1520]: Cloud-init v. 19.4-33-gbb4131a2-0ubuntu1~16.04.1 finished at Fri, 09 Oct 2020 00:29:05 +0000. Datasource DataSourceNoCloud [seed=/dev/sdb][dsmode=net].  Up 11.06 seconds
[[0;32m  OK  [0m] Started Execute cloud user/final scripts.
[[0;32m  OK  [0m] Reached target Cloud-init target.

Ubuntu 16.04.6 LTS ubuntu-xenial ttyS0

ubuntu-xenial login: 